11:30:06.110 [AWT-EventQueue-0] INFO  c.b.actions.DisableBrowserStack - Setting disable browserstack run update
11:30:06.115 [AWT-EventQueue-0] INFO  c.b.actions.EnableBrowserStack - Setting enable browserstack run update
11:41:19.994 [ApplicationImpl pooled thread 63] INFO  c.b.l.BrowserStackRunExtension - testng
11:41:19.994 [ApplicationImpl pooled thread 63] INFO  com.browserstack.utils.Helpers - null
11:41:19.994 [ApplicationImpl pooled thread 63] INFO  c.b.l.BrowserStackRunExtension - Agent path: null
12:20:28.409 [ApplicationImpl pooled thread 85] INFO  c.b.l.BrowserStackRunExtension - testng
12:20:28.409 [ApplicationImpl pooled thread 85] INFO  com.browserstack.utils.Helpers - null
12:20:28.410 [ApplicationImpl pooled thread 85] INFO  c.b.l.BrowserStackRunExtension - Agent path: null
12:25:46.901 [ApplicationImpl pooled thread 83] INFO  c.b.l.BrowserStackRunExtension - testng
12:25:46.901 [ApplicationImpl pooled thread 83] INFO  com.browserstack.utils.Helpers - null
12:25:46.901 [ApplicationImpl pooled thread 83] INFO  c.b.l.BrowserStackRunExtension - Agent path: null
12:39:03.637 [ApplicationImpl pooled thread 98] INFO  c.b.l.BrowserStackRunExtension - testng
12:39:03.637 [ApplicationImpl pooled thread 98] INFO  com.browserstack.utils.Helpers - null
12:39:03.637 [ApplicationImpl pooled thread 98] INFO  c.b.l.BrowserStackRunExtension - Agent path: null
12:42:47.380 [ApplicationImpl pooled thread 7] INFO  c.b.l.BrowserStackRunExtension - testng
12:42:47.382 [ApplicationImpl pooled thread 7] INFO  com.browserstack.utils.Helpers - null
12:42:47.383 [ApplicationImpl pooled thread 7] INFO  c.b.l.BrowserStackRunExtension - Agent path: null
17:19:04.691 [ApplicationImpl pooled thread 50] INFO  c.b.l.BrowserStackRunExtension - testng
17:19:04.692 [ApplicationImpl pooled thread 50] INFO  com.browserstack.utils.Helpers - null
17:19:04.692 [ApplicationImpl pooled thread 50] INFO  c.b.l.BrowserStackRunExtension - Agent path: null
17:21:30.498 [ApplicationImpl pooled thread 61] INFO  c.b.l.BrowserStackRunExtension - testng
17:21:30.499 [ApplicationImpl pooled thread 61] INFO  com.browserstack.utils.Helpers - null
17:21:30.499 [ApplicationImpl pooled thread 61] INFO  c.b.l.BrowserStackRunExtension - Agent path: null
19:14:14.517 [ApplicationImpl pooled thread 106] INFO  c.b.l.BrowserStackRunExtension - testng
19:14:14.517 [ApplicationImpl pooled thread 106] INFO  com.browserstack.utils.Helpers - null
19:14:14.518 [ApplicationImpl pooled thread 106] INFO  c.b.l.BrowserStackRunExtension - Agent path: null
19:15:26.746 [ApplicationImpl pooled thread 106] INFO  c.b.l.BrowserStackRunExtension - testng
19:15:26.746 [ApplicationImpl pooled thread 106] INFO  com.browserstack.utils.Helpers - null
19:15:26.746 [ApplicationImpl pooled thread 106] INFO  c.b.l.BrowserStackRunExtension - Agent path: null
19:19:22.290 [ApplicationImpl pooled thread 113] INFO  c.b.l.BrowserStackRunExtension - testng
19:19:22.290 [ApplicationImpl pooled thread 113] INFO  com.browserstack.utils.Helpers - null
19:19:22.290 [ApplicationImpl pooled thread 113] INFO  c.b.l.BrowserStackRunExtension - Agent path: null
19:21:03.540 [ApplicationImpl pooled thread 114] INFO  c.b.l.BrowserStackRunExtension - testng
19:21:03.540 [ApplicationImpl pooled thread 114] INFO  com.browserstack.utils.Helpers - null
19:21:03.541 [ApplicationImpl pooled thread 114] INFO  c.b.l.BrowserStackRunExtension - Agent path: null
21:41:40.207 [ApplicationImpl pooled thread 114] INFO  c.b.l.BrowserStackRunExtension - testng
21:41:40.207 [ApplicationImpl pooled thread 114] INFO  com.browserstack.utils.Helpers - null
21:41:40.208 [ApplicationImpl pooled thread 114] INFO  c.b.l.BrowserStackRunExtension - Agent path: null
21:45:34.295 [ApplicationImpl pooled thread 122] INFO  c.b.l.BrowserStackRunExtension - testng
21:45:34.295 [ApplicationImpl pooled thread 122] INFO  com.browserstack.utils.Helpers - null
21:45:34.295 [ApplicationImpl pooled thread 122] INFO  c.b.l.BrowserStackRunExtension - Agent path: null
21:47:40.262 [ApplicationImpl pooled thread 120] INFO  c.b.l.BrowserStackRunExtension - testng
21:47:40.262 [ApplicationImpl pooled thread 120] INFO  com.browserstack.utils.Helpers - null
21:47:40.262 [ApplicationImpl pooled thread 120] INFO  c.b.l.BrowserStackRunExtension - Agent path: null
21:49:14.153 [ApplicationImpl pooled thread 120] INFO  c.b.l.BrowserStackRunExtension - testng
21:49:14.154 [ApplicationImpl pooled thread 120] INFO  com.browserstack.utils.Helpers - null
21:49:14.154 [ApplicationImpl pooled thread 120] INFO  c.b.l.BrowserStackRunExtension - Agent path: null
21:55:23.219 [ApplicationImpl pooled thread 132] INFO  c.b.l.BrowserStackRunExtension - testng
21:55:23.219 [ApplicationImpl pooled thread 132] INFO  com.browserstack.utils.Helpers - null
21:55:23.220 [ApplicationImpl pooled thread 132] INFO  c.b.l.BrowserStackRunExtension - Agent path: null
21:56:54.504 [ApplicationImpl pooled thread 136] INFO  c.b.l.BrowserStackRunExtension - testng
21:56:54.504 [ApplicationImpl pooled thread 136] INFO  com.browserstack.utils.Helpers - null
21:56:54.504 [ApplicationImpl pooled thread 136] INFO  c.b.l.BrowserStackRunExtension - Agent path: null
21:58:10.302 [ApplicationImpl pooled thread 140] INFO  c.b.l.BrowserStackRunExtension - testng
21:58:10.302 [ApplicationImpl pooled thread 140] INFO  com.browserstack.utils.Helpers - null
21:58:10.302 [ApplicationImpl pooled thread 140] INFO  c.b.l.BrowserStackRunExtension - Agent path: null
22:07:21.897 [ApplicationImpl pooled thread 146] INFO  c.b.l.BrowserStackRunExtension - testng
22:07:21.897 [ApplicationImpl pooled thread 146] INFO  com.browserstack.utils.Helpers - null
22:07:21.897 [ApplicationImpl pooled thread 146] INFO  c.b.l.BrowserStackRunExtension - Agent path: null
22:09:57.390 [ApplicationImpl pooled thread 146] INFO  c.b.l.BrowserStackRunExtension - testng
22:09:57.390 [ApplicationImpl pooled thread 146] INFO  com.browserstack.utils.Helpers - null
22:09:57.390 [ApplicationImpl pooled thread 146] INFO  c.b.l.BrowserStackRunExtension - Agent path: null
10:25:16.710 [ApplicationImpl pooled thread 2] INFO  c.b.l.BrowserStackRunExtension - testng
10:25:16.711 [ApplicationImpl pooled thread 2] INFO  com.browserstack.utils.Helpers - null
10:25:16.712 [ApplicationImpl pooled thread 2] INFO  c.b.l.BrowserStackRunExtension - Agent path: null
10:25:41.558 [ApplicationImpl pooled thread 7] INFO  c.b.l.BrowserStackRunExtension - testng
10:25:41.558 [ApplicationImpl pooled thread 7] INFO  com.browserstack.utils.Helpers - null
10:25:41.558 [ApplicationImpl pooled thread 7] INFO  c.b.l.BrowserStackRunExtension - Agent path: null
10:26:32.133 [ApplicationImpl pooled thread 6] INFO  c.b.l.BrowserStackRunExtension - testng
10:26:32.133 [ApplicationImpl pooled thread 6] INFO  com.browserstack.utils.Helpers - null
10:26:32.134 [ApplicationImpl pooled thread 6] INFO  c.b.l.BrowserStackRunExtension - Agent path: null
10:26:47.382 [ApplicationImpl pooled thread 9] INFO  c.b.l.BrowserStackRunExtension - testng
10:26:47.382 [ApplicationImpl pooled thread 9] INFO  com.browserstack.utils.Helpers - null
10:26:47.382 [ApplicationImpl pooled thread 9] INFO  c.b.l.BrowserStackRunExtension - Agent path: null
10:29:37.352 [ApplicationImpl pooled thread 13] INFO  c.b.l.BrowserStackRunExtension - testng
10:29:37.352 [ApplicationImpl pooled thread 13] INFO  com.browserstack.utils.Helpers - null
10:29:40.488 [ApplicationImpl pooled thread 8] INFO  c.b.l.BrowserStackRunExtension - testng
10:29:40.488 [ApplicationImpl pooled thread 8] INFO  com.browserstack.utils.Helpers - null
10:29:40.488 [ApplicationImpl pooled thread 8] INFO  c.b.l.BrowserStackRunExtension - Agent path: null
11:01:39.611 [ApplicationImpl pooled thread 23] INFO  c.b.l.BrowserStackRunExtension - testng
11:01:39.611 [ApplicationImpl pooled thread 23] INFO  com.browserstack.utils.Helpers - null
11:01:39.612 [ApplicationImpl pooled thread 23] INFO  c.b.l.BrowserStackRunExtension - Agent path: null
11:28:52.907 [ApplicationImpl pooled thread 35] INFO  c.b.l.BrowserStackRunExtension - testng
11:28:52.907 [ApplicationImpl pooled thread 35] INFO  com.browserstack.utils.Helpers - null
11:28:52.908 [ApplicationImpl pooled thread 35] INFO  c.b.l.BrowserStackRunExtension - Agent path: null
11:40:23.042 [ApplicationImpl pooled thread 44] INFO  c.b.l.BrowserStackRunExtension - testng
11:40:23.042 [ApplicationImpl pooled thread 44] INFO  com.browserstack.utils.Helpers - null
11:40:23.043 [ApplicationImpl pooled thread 44] INFO  c.b.l.BrowserStackRunExtension - Agent path: null
11:41:01.836 [ApplicationImpl pooled thread 44] INFO  c.b.l.BrowserStackRunExtension - testng
11:41:01.836 [ApplicationImpl pooled thread 44] INFO  com.browserstack.utils.Helpers - null
11:41:01.836 [ApplicationImpl pooled thread 44] INFO  c.b.l.BrowserStackRunExtension - Agent path: null
11:41:52.686 [ApplicationImpl pooled thread 45] INFO  c.b.l.BrowserStackRunExtension - testng
11:41:52.686 [ApplicationImpl pooled thread 45] INFO  com.browserstack.utils.Helpers - null
11:41:52.686 [ApplicationImpl pooled thread 45] INFO  c.b.l.BrowserStackRunExtension - Agent path: null
11:42:29.521 [ApplicationImpl pooled thread 49] INFO  c.b.l.BrowserStackRunExtension - testng
11:42:29.521 [ApplicationImpl pooled thread 49] INFO  com.browserstack.utils.Helpers - null
11:42:29.521 [ApplicationImpl pooled thread 49] INFO  c.b.l.BrowserStackRunExtension - Agent path: null
11:42:58.811 [ApplicationImpl pooled thread 47] INFO  c.b.l.BrowserStackRunExtension - testng
11:42:58.811 [ApplicationImpl pooled thread 47] INFO  com.browserstack.utils.Helpers - null
11:42:58.811 [ApplicationImpl pooled thread 47] INFO  c.b.l.BrowserStackRunExtension - Agent path: null
11:46:12.299 [ApplicationImpl pooled thread 46] INFO  c.b.l.BrowserStackRunExtension - testng
11:46:12.299 [ApplicationImpl pooled thread 46] INFO  com.browserstack.utils.Helpers - null
11:46:12.299 [ApplicationImpl pooled thread 46] INFO  c.b.l.BrowserStackRunExtension - Agent path: null
11:53:10.237 [ApplicationImpl pooled thread 53] INFO  c.b.l.BrowserStackRunExtension - testng
11:53:10.237 [ApplicationImpl pooled thread 53] INFO  com.browserstack.utils.Helpers - null
11:53:10.237 [ApplicationImpl pooled thread 53] INFO  c.b.l.BrowserStackRunExtension - Agent path: null
11:53:43.116 [ApplicationImpl pooled thread 58] INFO  c.b.l.BrowserStackRunExtension - testng
11:53:43.116 [ApplicationImpl pooled thread 58] INFO  com.browserstack.utils.Helpers - null
11:53:43.116 [ApplicationImpl pooled thread 58] INFO  c.b.l.BrowserStackRunExtension - Agent path: null
11:54:52.830 [ApplicationImpl pooled thread 57] INFO  c.b.l.BrowserStackRunExtension - testng
11:54:52.830 [ApplicationImpl pooled thread 57] INFO  com.browserstack.utils.Helpers - null
11:54:52.830 [ApplicationImpl pooled thread 57] INFO  c.b.l.BrowserStackRunExtension - Agent path: null
12:15:57.064 [ApplicationImpl pooled thread 72] INFO  c.b.l.BrowserStackRunExtension - testng
12:15:57.064 [ApplicationImpl pooled thread 72] INFO  com.browserstack.utils.Helpers - null
12:15:57.065 [ApplicationImpl pooled thread 72] INFO  c.b.l.BrowserStackRunExtension - Agent path: null
12:17:06.815 [ApplicationImpl pooled thread 74] INFO  c.b.l.BrowserStackRunExtension - testng
12:17:06.815 [ApplicationImpl pooled thread 74] INFO  com.browserstack.utils.Helpers - null
12:17:06.816 [ApplicationImpl pooled thread 74] INFO  c.b.l.BrowserStackRunExtension - Agent path: null
12:23:31.596 [ApplicationImpl pooled thread 68] INFO  c.b.l.BrowserStackRunExtension - testng
12:23:31.596 [ApplicationImpl pooled thread 68] INFO  com.browserstack.utils.Helpers - null
12:23:31.598 [ApplicationImpl pooled thread 68] INFO  c.b.l.BrowserStackRunExtension - Agent path: null
12:24:06.674 [ApplicationImpl pooled thread 68] INFO  c.b.l.BrowserStackRunExtension - testng
12:24:06.674 [ApplicationImpl pooled thread 68] INFO  com.browserstack.utils.Helpers - null
12:24:06.674 [ApplicationImpl pooled thread 68] INFO  c.b.l.BrowserStackRunExtension - Agent path: null
12:26:22.434 [ApplicationImpl pooled thread 80] INFO  c.b.l.BrowserStackRunExtension - testng
12:26:22.434 [ApplicationImpl pooled thread 80] INFO  com.browserstack.utils.Helpers - null
12:26:22.434 [ApplicationImpl pooled thread 80] INFO  c.b.l.BrowserStackRunExtension - Agent path: null
12:28:46.863 [ApplicationImpl pooled thread 84] INFO  c.b.l.BrowserStackRunExtension - testng
12:28:46.864 [ApplicationImpl pooled thread 84] INFO  com.browserstack.utils.Helpers - null
12:28:46.864 [ApplicationImpl pooled thread 84] INFO  c.b.l.BrowserStackRunExtension - Agent path: null
12:42:18.389 [ApplicationImpl pooled thread 84] INFO  c.b.l.BrowserStackRunExtension - testng
12:42:18.389 [ApplicationImpl pooled thread 84] INFO  com.browserstack.utils.Helpers - null
12:42:18.389 [ApplicationImpl pooled thread 84] INFO  c.b.l.BrowserStackRunExtension - Agent path: null
12:44:37.553 [ApplicationImpl pooled thread 97] INFO  c.b.l.BrowserStackRunExtension - testng
12:44:37.554 [ApplicationImpl pooled thread 97] INFO  com.browserstack.utils.Helpers - null
12:44:37.554 [ApplicationImpl pooled thread 97] INFO  c.b.l.BrowserStackRunExtension - Agent path: null
12:47:01.294 [ApplicationImpl pooled thread 99] INFO  c.b.l.BrowserStackRunExtension - testng
12:47:01.294 [ApplicationImpl pooled thread 99] INFO  com.browserstack.utils.Helpers - null
12:47:01.294 [ApplicationImpl pooled thread 99] INFO  c.b.l.BrowserStackRunExtension - Agent path: null
13:07:13.589 [ApplicationImpl pooled thread 117] INFO  c.b.l.BrowserStackRunExtension - testng
13:07:13.589 [ApplicationImpl pooled thread 117] INFO  com.browserstack.utils.Helpers - null
13:07:13.590 [ApplicationImpl pooled thread 117] INFO  c.b.l.BrowserStackRunExtension - Agent path: null
13:08:26.892 [ApplicationImpl pooled thread 102] INFO  c.b.l.BrowserStackRunExtension - testng
13:08:26.892 [ApplicationImpl pooled thread 102] INFO  com.browserstack.utils.Helpers - null
13:08:26.892 [ApplicationImpl pooled thread 102] INFO  c.b.l.BrowserStackRunExtension - Agent path: null
13:08:46.264 [ApplicationImpl pooled thread 102] INFO  c.b.l.BrowserStackRunExtension - testng
13:08:46.264 [ApplicationImpl pooled thread 102] INFO  com.browserstack.utils.Helpers - null
13:08:46.264 [ApplicationImpl pooled thread 102] INFO  c.b.l.BrowserStackRunExtension - Agent path: null
13:10:37.432 [ApplicationImpl pooled thread 120] INFO  c.b.l.BrowserStackRunExtension - testng
13:10:37.432 [ApplicationImpl pooled thread 120] INFO  com.browserstack.utils.Helpers - null
13:10:37.432 [ApplicationImpl pooled thread 120] INFO  c.b.l.BrowserStackRunExtension - Agent path: null
15:12:43.164 [ApplicationImpl pooled thread 153] INFO  c.b.l.BrowserStackRunExtension - testng
15:12:43.164 [ApplicationImpl pooled thread 153] INFO  com.browserstack.utils.Helpers - null
15:12:43.164 [ApplicationImpl pooled thread 153] INFO  c.b.l.BrowserStackRunExtension - Agent path: null
15:19:18.312 [ApplicationImpl pooled thread 167] INFO  c.b.l.BrowserStackRunExtension - testng
15:19:18.312 [ApplicationImpl pooled thread 167] INFO  com.browserstack.utils.Helpers - null
15:19:18.313 [ApplicationImpl pooled thread 167] INFO  c.b.l.BrowserStackRunExtension - Agent path: null
15:20:13.899 [ApplicationImpl pooled thread 168] INFO  c.b.l.BrowserStackRunExtension - testng
15:20:13.899 [ApplicationImpl pooled thread 168] INFO  com.browserstack.utils.Helpers - null
15:20:13.899 [ApplicationImpl pooled thread 168] INFO  c.b.l.BrowserStackRunExtension - Agent path: null
15:22:03.502 [ApplicationImpl pooled thread 167] INFO  c.b.l.BrowserStackRunExtension - testng
15:22:03.502 [ApplicationImpl pooled thread 167] INFO  com.browserstack.utils.Helpers - null
15:22:03.502 [ApplicationImpl pooled thread 167] INFO  c.b.l.BrowserStackRunExtension - Agent path: null
15:23:54.603 [ApplicationImpl pooled thread 171] INFO  c.b.l.BrowserStackRunExtension - testng
15:23:54.603 [ApplicationImpl pooled thread 171] INFO  com.browserstack.utils.Helpers - null
15:23:54.603 [ApplicationImpl pooled thread 171] INFO  c.b.l.BrowserStackRunExtension - Agent path: null
15:25:56.063 [ApplicationImpl pooled thread 173] INFO  c.b.l.BrowserStackRunExtension - testng
15:25:56.063 [ApplicationImpl pooled thread 173] INFO  com.browserstack.utils.Helpers - null
15:25:56.063 [ApplicationImpl pooled thread 173] INFO  c.b.l.BrowserStackRunExtension - Agent path: null
15:27:42.006 [ApplicationImpl pooled thread 172] INFO  c.b.l.BrowserStackRunExtension - testng
15:27:42.006 [ApplicationImpl pooled thread 172] INFO  com.browserstack.utils.Helpers - null
15:27:42.007 [ApplicationImpl pooled thread 172] INFO  c.b.l.BrowserStackRunExtension - Agent path: null
15:33:49.551 [ApplicationImpl pooled thread 180] INFO  c.b.l.BrowserStackRunExtension - testng
15:33:49.551 [ApplicationImpl pooled thread 180] INFO  com.browserstack.utils.Helpers - null
15:33:49.552 [ApplicationImpl pooled thread 180] INFO  c.b.l.BrowserStackRunExtension - Agent path: null
15:34:54.880 [ApplicationImpl pooled thread 174] INFO  c.b.l.BrowserStackRunExtension - testng
15:34:54.880 [ApplicationImpl pooled thread 174] INFO  com.browserstack.utils.Helpers - null
15:34:54.881 [ApplicationImpl pooled thread 174] INFO  c.b.l.BrowserStackRunExtension - Agent path: null
15:40:04.389 [ApplicationImpl pooled thread 182] INFO  c.b.l.BrowserStackRunExtension - testng
15:40:04.389 [ApplicationImpl pooled thread 182] INFO  com.browserstack.utils.Helpers - null
15:40:04.389 [ApplicationImpl pooled thread 182] INFO  c.b.l.BrowserStackRunExtension - Agent path: null
16:37:18.681 [ApplicationImpl pooled thread 208] INFO  c.b.l.BrowserStackRunExtension - testng
16:37:18.681 [ApplicationImpl pooled thread 208] INFO  com.browserstack.utils.Helpers - null
16:37:18.681 [ApplicationImpl pooled thread 208] INFO  c.b.l.BrowserStackRunExtension - Agent path: null
16:39:13.649 [ApplicationImpl pooled thread 208] INFO  c.b.l.BrowserStackRunExtension - testng
16:39:13.650 [ApplicationImpl pooled thread 208] INFO  com.browserstack.utils.Helpers - null
16:39:13.650 [ApplicationImpl pooled thread 208] INFO  c.b.l.BrowserStackRunExtension - Agent path: null
17:01:51.551 [ApplicationImpl pooled thread 237] INFO  c.b.l.BrowserStackRunExtension - testng
17:01:51.551 [ApplicationImpl pooled thread 237] INFO  com.browserstack.utils.Helpers - null
17:01:51.551 [ApplicationImpl pooled thread 237] INFO  c.b.l.BrowserStackRunExtension - Agent path: null
17:11:03.334 [ApplicationImpl pooled thread 247] INFO  c.b.l.BrowserStackRunExtension - testng
17:11:03.334 [ApplicationImpl pooled thread 247] INFO  com.browserstack.utils.Helpers - null
17:11:03.335 [ApplicationImpl pooled thread 247] INFO  c.b.l.BrowserStackRunExtension - Agent path: null
17:12:21.865 [ApplicationImpl pooled thread 247] INFO  c.b.l.BrowserStackRunExtension - testng
17:12:21.865 [ApplicationImpl pooled thread 247] INFO  com.browserstack.utils.Helpers - null
17:12:21.865 [ApplicationImpl pooled thread 247] INFO  c.b.l.BrowserStackRunExtension - Agent path: null
17:14:31.053 [ApplicationImpl pooled thread 255] INFO  c.b.l.BrowserStackRunExtension - testng
17:14:31.054 [ApplicationImpl pooled thread 255] INFO  com.browserstack.utils.Helpers - null
17:14:31.054 [ApplicationImpl pooled thread 255] INFO  c.b.l.BrowserStackRunExtension - Agent path: null
17:18:30.130 [ApplicationImpl pooled thread 258] INFO  c.b.l.BrowserStackRunExtension - testng
17:18:30.130 [ApplicationImpl pooled thread 258] INFO  com.browserstack.utils.Helpers - null
17:18:30.130 [ApplicationImpl pooled thread 258] INFO  c.b.l.BrowserStackRunExtension - Agent path: null
17:19:25.430 [ApplicationImpl pooled thread 261] INFO  c.b.l.BrowserStackRunExtension - testng
17:19:25.430 [ApplicationImpl pooled thread 261] INFO  com.browserstack.utils.Helpers - null
17:19:25.430 [ApplicationImpl pooled thread 261] INFO  c.b.l.BrowserStackRunExtension - Agent path: null
17:48:35.904 [ApplicationImpl pooled thread 291] INFO  c.b.l.BrowserStackRunExtension - testng
17:48:35.904 [ApplicationImpl pooled thread 291] INFO  com.browserstack.utils.Helpers - null
17:48:35.904 [ApplicationImpl pooled thread 291] INFO  c.b.l.BrowserStackRunExtension - Agent path: null
17:51:30.243 [ApplicationImpl pooled thread 295] INFO  c.b.l.BrowserStackRunExtension - testng
17:51:30.244 [ApplicationImpl pooled thread 295] INFO  com.browserstack.utils.Helpers - null
17:51:30.244 [ApplicationImpl pooled thread 295] INFO  c.b.l.BrowserStackRunExtension - Agent path: null
17:57:44.284 [ApplicationImpl pooled thread 306] INFO  c.b.l.BrowserStackRunExtension - testng
17:57:44.284 [ApplicationImpl pooled thread 306] INFO  com.browserstack.utils.Helpers - null
17:57:44.285 [ApplicationImpl pooled thread 306] INFO  c.b.l.BrowserStackRunExtension - Agent path: null
17:59:22.955 [ApplicationImpl pooled thread 306] INFO  c.b.l.BrowserStackRunExtension - testng
17:59:22.955 [ApplicationImpl pooled thread 306] INFO  com.browserstack.utils.Helpers - null
17:59:22.955 [ApplicationImpl pooled thread 306] INFO  c.b.l.BrowserStackRunExtension - Agent path: null
18:00:54.262 [ApplicationImpl pooled thread 305] INFO  c.b.l.BrowserStackRunExtension - testng
18:00:54.262 [ApplicationImpl pooled thread 305] INFO  com.browserstack.utils.Helpers - null
18:00:54.263 [ApplicationImpl pooled thread 305] INFO  c.b.l.BrowserStackRunExtension - Agent path: null
18:02:26.491 [ApplicationImpl pooled thread 305] INFO  c.b.l.BrowserStackRunExtension - testng
18:02:26.491 [ApplicationImpl pooled thread 305] INFO  com.browserstack.utils.Helpers - null
18:02:26.491 [ApplicationImpl pooled thread 305] INFO  c.b.l.BrowserStackRunExtension - Agent path: null
18:04:29.403 [ApplicationImpl pooled thread 314] INFO  c.b.l.BrowserStackRunExtension - testng
18:04:29.403 [ApplicationImpl pooled thread 314] INFO  com.browserstack.utils.Helpers - null
18:04:29.403 [ApplicationImpl pooled thread 314] INFO  c.b.l.BrowserStackRunExtension - Agent path: null
18:33:11.121 [ApplicationImpl pooled thread 336] INFO  c.b.l.BrowserStackRunExtension - testng
18:33:11.122 [ApplicationImpl pooled thread 336] INFO  com.browserstack.utils.Helpers - null
18:33:11.122 [ApplicationImpl pooled thread 336] INFO  c.b.l.BrowserStackRunExtension - Agent path: null
09:53:48.424 [AWT-EventQueue-0] INFO  c.b.actions.DisableBrowserStack - Setting disable browserstack run update
09:53:48.428 [AWT-EventQueue-0] INFO  c.b.actions.EnableBrowserStack - Setting enable browserstack run update
09:54:07.026 [AWT-EventQueue-0] INFO  c.b.actions.EnableBrowserStack - Setting enable browserstack run update
09:54:07.029 [AWT-EventQueue-0] INFO  c.b.actions.DisableBrowserStack - Setting disable browserstack run update
09:58:50.340 [AWT-EventQueue-0] INFO  c.b.actions.DisableBrowserStack - Setting disable browserstack run update
09:58:50.345 [AWT-EventQueue-0] INFO  c.b.actions.EnableBrowserStack - Setting enable browserstack run update
10:09:25.551 [ApplicationImpl pooled thread 20] INFO  c.b.l.BrowserStackRunExtension - testng
10:09:25.552 [ApplicationImpl pooled thread 20] INFO  com.browserstack.utils.Helpers - null
10:09:25.552 [ApplicationImpl pooled thread 20] INFO  c.b.l.BrowserStackRunExtension - Agent path: null
10:10:41.904 [ApplicationImpl pooled thread 22] INFO  c.b.l.BrowserStackRunExtension - testng
10:10:41.904 [ApplicationImpl pooled thread 22] INFO  com.browserstack.utils.Helpers - null
10:10:41.904 [ApplicationImpl pooled thread 22] INFO  c.b.l.BrowserStackRunExtension - Agent path: null
10:11:10.158 [ApplicationImpl pooled thread 25] INFO  c.b.l.BrowserStackRunExtension - testng
10:11:10.158 [ApplicationImpl pooled thread 25] INFO  com.browserstack.utils.Helpers - null
10:11:10.158 [ApplicationImpl pooled thread 25] INFO  c.b.l.BrowserStackRunExtension - Agent path: null
10:49:36.601 [ApplicationImpl pooled thread 38] INFO  c.b.l.BrowserStackRunExtension - testng
10:49:36.602 [ApplicationImpl pooled thread 38] INFO  com.browserstack.utils.Helpers - null
10:49:36.602 [ApplicationImpl pooled thread 38] INFO  c.b.l.BrowserStackRunExtension - Agent path: null
10:50:14.826 [ApplicationImpl pooled thread 37] INFO  c.b.l.BrowserStackRunExtension - testng
10:50:14.827 [ApplicationImpl pooled thread 37] INFO  com.browserstack.utils.Helpers - null
10:50:14.827 [ApplicationImpl pooled thread 37] INFO  c.b.l.BrowserStackRunExtension - Agent path: null
10:52:38.640 [ApplicationImpl pooled thread 5] INFO  c.b.l.BrowserStackRunExtension - testng
10:52:38.641 [ApplicationImpl pooled thread 5] INFO  com.browserstack.utils.Helpers - null
10:52:38.641 [ApplicationImpl pooled thread 5] INFO  c.b.l.BrowserStackRunExtension - Agent path: null
10:52:56.131 [ApplicationImpl pooled thread 4] INFO  c.b.l.BrowserStackRunExtension - testng
10:52:56.131 [ApplicationImpl pooled thread 4] INFO  com.browserstack.utils.Helpers - null
10:52:56.131 [ApplicationImpl pooled thread 4] INFO  c.b.l.BrowserStackRunExtension - Agent path: null
10:58:29.879 [ApplicationImpl pooled thread 7] INFO  c.b.l.BrowserStackRunExtension - testng
10:58:29.879 [ApplicationImpl pooled thread 7] INFO  com.browserstack.utils.Helpers - null
10:58:29.880 [ApplicationImpl pooled thread 7] INFO  c.b.l.BrowserStackRunExtension - Agent path: null
10:59:18.820 [ApplicationImpl pooled thread 11] INFO  c.b.l.BrowserStackRunExtension - testng
10:59:18.820 [ApplicationImpl pooled thread 11] INFO  com.browserstack.utils.Helpers - null
10:59:18.820 [ApplicationImpl pooled thread 11] INFO  c.b.l.BrowserStackRunExtension - Agent path: null
11:00:13.796 [ApplicationImpl pooled thread 4] INFO  c.b.l.BrowserStackRunExtension - testng
11:00:13.796 [ApplicationImpl pooled thread 4] INFO  com.browserstack.utils.Helpers - null
11:00:13.797 [ApplicationImpl pooled thread 4] INFO  c.b.l.BrowserStackRunExtension - Agent path: null
11:09:15.085 [ApplicationImpl pooled thread 13] INFO  c.b.l.BrowserStackRunExtension - testng
11:09:15.085 [ApplicationImpl pooled thread 13] INFO  com.browserstack.utils.Helpers - null
11:09:15.085 [ApplicationImpl pooled thread 13] INFO  c.b.l.BrowserStackRunExtension - Agent path: null
11:12:01.605 [ApplicationImpl pooled thread 17] INFO  c.b.l.BrowserStackRunExtension - testng
11:12:01.605 [ApplicationImpl pooled thread 17] INFO  com.browserstack.utils.Helpers - null
11:12:01.606 [ApplicationImpl pooled thread 17] INFO  c.b.l.BrowserStackRunExtension - Agent path: null
11:14:41.887 [ApplicationImpl pooled thread 17] INFO  c.b.l.BrowserStackRunExtension - testng
11:14:41.888 [ApplicationImpl pooled thread 17] INFO  com.browserstack.utils.Helpers - null
11:14:41.888 [ApplicationImpl pooled thread 17] INFO  c.b.l.BrowserStackRunExtension - Agent path: null
11:17:15.704 [ApplicationImpl pooled thread 3] INFO  c.b.l.BrowserStackRunExtension - testng
11:17:15.705 [ApplicationImpl pooled thread 3] INFO  com.browserstack.utils.Helpers - null
11:17:15.706 [ApplicationImpl pooled thread 3] INFO  c.b.l.BrowserStackRunExtension - Agent path: null
11:17:38.275 [ApplicationImpl pooled thread 9] INFO  c.b.l.BrowserStackRunExtension - testng
11:17:38.276 [ApplicationImpl pooled thread 9] INFO  com.browserstack.utils.Helpers - null
11:17:38.276 [ApplicationImpl pooled thread 9] INFO  c.b.l.BrowserStackRunExtension - Agent path: null
11:30:56.722 [ApplicationImpl pooled thread 23] INFO  c.b.l.BrowserStackRunExtension - testng
11:30:56.722 [ApplicationImpl pooled thread 23] INFO  com.browserstack.utils.Helpers - null
11:30:56.723 [ApplicationImpl pooled thread 23] INFO  c.b.l.BrowserStackRunExtension - Agent path: null
11:32:56.918 [ApplicationImpl pooled thread 21] INFO  c.b.l.BrowserStackRunExtension - testng
11:32:56.918 [ApplicationImpl pooled thread 21] INFO  com.browserstack.utils.Helpers - null
11:32:56.918 [ApplicationImpl pooled thread 21] INFO  c.b.l.BrowserStackRunExtension - Agent path: null
11:36:06.721 [ApplicationImpl pooled thread 30] INFO  c.b.l.BrowserStackRunExtension - testng
11:36:06.721 [ApplicationImpl pooled thread 30] INFO  com.browserstack.utils.Helpers - null
11:36:06.721 [ApplicationImpl pooled thread 30] INFO  c.b.l.BrowserStackRunExtension - Agent path: null
11:37:48.063 [ApplicationImpl pooled thread 33] INFO  c.b.l.BrowserStackRunExtension - testng
11:37:48.063 [ApplicationImpl pooled thread 33] INFO  com.browserstack.utils.Helpers - null
11:37:48.064 [ApplicationImpl pooled thread 33] INFO  c.b.l.BrowserStackRunExtension - Agent path: null
11:54:36.800 [ApplicationImpl pooled thread 30] INFO  c.b.l.BrowserStackRunExtension - testng
11:54:36.801 [ApplicationImpl pooled thread 30] INFO  com.browserstack.utils.Helpers - null
11:54:36.801 [ApplicationImpl pooled thread 30] INFO  c.b.l.BrowserStackRunExtension - Agent path: null
11:57:20.204 [ApplicationImpl pooled thread 45] INFO  c.b.l.BrowserStackRunExtension - testng
11:57:20.204 [ApplicationImpl pooled thread 45] INFO  com.browserstack.utils.Helpers - null
11:57:20.204 [ApplicationImpl pooled thread 45] INFO  c.b.l.BrowserStackRunExtension - Agent path: null
12:01:43.360 [ApplicationImpl pooled thread 52] INFO  c.b.l.BrowserStackRunExtension - testng
12:01:43.360 [ApplicationImpl pooled thread 52] INFO  com.browserstack.utils.Helpers - null
12:01:43.361 [ApplicationImpl pooled thread 52] INFO  c.b.l.BrowserStackRunExtension - Agent path: null
12:02:34.091 [ApplicationImpl pooled thread 50] INFO  c.b.l.BrowserStackRunExtension - testng
12:02:34.091 [ApplicationImpl pooled thread 50] INFO  com.browserstack.utils.Helpers - null
12:02:34.091 [ApplicationImpl pooled thread 50] INFO  c.b.l.BrowserStackRunExtension - Agent path: null
12:04:29.870 [ApplicationImpl pooled thread 54] INFO  c.b.l.BrowserStackRunExtension - testng
12:04:29.870 [ApplicationImpl pooled thread 54] INFO  com.browserstack.utils.Helpers - null
12:04:29.871 [ApplicationImpl pooled thread 54] INFO  c.b.l.BrowserStackRunExtension - Agent path: null
12:05:09.133 [ApplicationImpl pooled thread 50] INFO  c.b.l.BrowserStackRunExtension - testng
12:05:09.133 [ApplicationImpl pooled thread 50] INFO  com.browserstack.utils.Helpers - null
12:05:09.133 [ApplicationImpl pooled thread 50] INFO  c.b.l.BrowserStackRunExtension - Agent path: null
12:06:08.589 [ApplicationImpl pooled thread 50] INFO  c.b.l.BrowserStackRunExtension - testng
12:06:08.589 [ApplicationImpl pooled thread 50] INFO  com.browserstack.utils.Helpers - null
12:06:08.589 [ApplicationImpl pooled thread 50] INFO  c.b.l.BrowserStackRunExtension - Agent path: null
12:08:07.270 [ApplicationImpl pooled thread 55] INFO  c.b.l.BrowserStackRunExtension - testng
12:08:07.270 [ApplicationImpl pooled thread 55] INFO  com.browserstack.utils.Helpers - null
12:08:07.271 [ApplicationImpl pooled thread 55] INFO  c.b.l.BrowserStackRunExtension - Agent path: null
12:09:25.275 [ApplicationImpl pooled thread 62] INFO  c.b.l.BrowserStackRunExtension - testng
12:09:25.276 [ApplicationImpl pooled thread 62] INFO  com.browserstack.utils.Helpers - null
12:09:25.276 [ApplicationImpl pooled thread 62] INFO  c.b.l.BrowserStackRunExtension - Agent path: null
12:14:33.316 [ApplicationImpl pooled thread 66] INFO  c.b.l.BrowserStackRunExtension - testng
12:14:33.316 [ApplicationImpl pooled thread 66] INFO  com.browserstack.utils.Helpers - null
12:14:33.317 [ApplicationImpl pooled thread 66] INFO  c.b.l.BrowserStackRunExtension - Agent path: null
12:15:45.028 [ApplicationImpl pooled thread 67] INFO  c.b.l.BrowserStackRunExtension - testng
12:15:45.028 [ApplicationImpl pooled thread 67] INFO  com.browserstack.utils.Helpers - null
12:15:45.028 [ApplicationImpl pooled thread 67] INFO  c.b.l.BrowserStackRunExtension - Agent path: null
12:16:40.030 [ApplicationImpl pooled thread 69] INFO  c.b.l.BrowserStackRunExtension - testng
12:16:40.030 [ApplicationImpl pooled thread 69] INFO  com.browserstack.utils.Helpers - null
12:16:40.030 [ApplicationImpl pooled thread 69] INFO  c.b.l.BrowserStackRunExtension - Agent path: null
12:18:23.135 [ApplicationImpl pooled thread 69] INFO  c.b.l.BrowserStackRunExtension - testng
12:18:23.135 [ApplicationImpl pooled thread 69] INFO  com.browserstack.utils.Helpers - null
12:18:23.136 [ApplicationImpl pooled thread 69] INFO  c.b.l.BrowserStackRunExtension - Agent path: null
12:24:43.830 [ApplicationImpl pooled thread 75] INFO  c.b.l.BrowserStackRunExtension - testng
12:24:43.830 [ApplicationImpl pooled thread 75] INFO  com.browserstack.utils.Helpers - null
12:24:43.830 [ApplicationImpl pooled thread 75] INFO  c.b.l.BrowserStackRunExtension - Agent path: null
12:24:49.802 [ApplicationImpl pooled thread 80] INFO  c.b.l.BrowserStackRunExtension - testng
12:24:49.802 [ApplicationImpl pooled thread 80] INFO  com.browserstack.utils.Helpers - null
12:24:49.802 [ApplicationImpl pooled thread 80] INFO  c.b.l.BrowserStackRunExtension - Agent path: null
12:36:02.078 [ApplicationImpl pooled thread 87] INFO  c.b.l.BrowserStackRunExtension - testng
12:36:02.078 [ApplicationImpl pooled thread 87] INFO  com.browserstack.utils.Helpers - null
12:36:02.079 [ApplicationImpl pooled thread 87] INFO  c.b.l.BrowserStackRunExtension - Agent path: null
12:40:01.553 [ApplicationImpl pooled thread 88] INFO  c.b.l.BrowserStackRunExtension - testng
12:40:01.553 [ApplicationImpl pooled thread 88] INFO  com.browserstack.utils.Helpers - null
12:40:01.553 [ApplicationImpl pooled thread 88] INFO  c.b.l.BrowserStackRunExtension - Agent path: null
12:44:01.426 [ApplicationImpl pooled thread 89] INFO  c.b.l.BrowserStackRunExtension - testng
12:44:01.427 [ApplicationImpl pooled thread 89] INFO  com.browserstack.utils.Helpers - null
12:44:01.427 [ApplicationImpl pooled thread 89] INFO  c.b.l.BrowserStackRunExtension - Agent path: null
12:46:03.449 [ApplicationImpl pooled thread 93] INFO  c.b.l.BrowserStackRunExtension - testng
12:46:03.449 [ApplicationImpl pooled thread 93] INFO  com.browserstack.utils.Helpers - null
12:46:03.450 [ApplicationImpl pooled thread 93] INFO  c.b.l.BrowserStackRunExtension - Agent path: null
12:56:32.345 [ApplicationImpl pooled thread 102] INFO  c.b.l.BrowserStackRunExtension - application
12:56:32.345 [ApplicationImpl pooled thread 102] INFO  com.browserstack.utils.Helpers - null
12:57:36.604 [ApplicationImpl pooled thread 100] INFO  c.b.l.BrowserStackRunExtension - testng
12:57:36.605 [ApplicationImpl pooled thread 100] INFO  com.browserstack.utils.Helpers - null
12:57:36.605 [ApplicationImpl pooled thread 100] INFO  c.b.l.BrowserStackRunExtension - Agent path: null
13:03:40.753 [ApplicationImpl pooled thread 104] INFO  c.b.l.BrowserStackRunExtension - testng
13:03:40.753 [ApplicationImpl pooled thread 104] INFO  com.browserstack.utils.Helpers - null
13:03:40.754 [ApplicationImpl pooled thread 104] INFO  c.b.l.BrowserStackRunExtension - Agent path: null
13:08:27.998 [ApplicationImpl pooled thread 104] INFO  c.b.l.BrowserStackRunExtension - testng
13:08:27.998 [ApplicationImpl pooled thread 104] INFO  com.browserstack.utils.Helpers - null
13:08:27.999 [ApplicationImpl pooled thread 104] INFO  c.b.l.BrowserStackRunExtension - Agent path: null
13:09:44.252 [ApplicationImpl pooled thread 109] INFO  c.b.l.BrowserStackRunExtension - testng
13:09:44.252 [ApplicationImpl pooled thread 109] INFO  com.browserstack.utils.Helpers - null
13:09:44.253 [ApplicationImpl pooled thread 109] INFO  c.b.l.BrowserStackRunExtension - Agent path: null
13:32:08.340 [ApplicationImpl pooled thread 122] INFO  c.b.l.BrowserStackRunExtension - testng
13:32:08.341 [ApplicationImpl pooled thread 122] INFO  com.browserstack.utils.Helpers - null
13:32:08.341 [ApplicationImpl pooled thread 122] INFO  c.b.l.BrowserStackRunExtension - Agent path: null
13:37:51.473 [ApplicationImpl pooled thread 131] INFO  c.b.l.BrowserStackRunExtension - testng
13:37:51.473 [ApplicationImpl pooled thread 131] INFO  com.browserstack.utils.Helpers - null
13:37:51.474 [ApplicationImpl pooled thread 131] INFO  c.b.l.BrowserStackRunExtension - Agent path: null
13:38:55.844 [ApplicationImpl pooled thread 131] INFO  c.b.l.BrowserStackRunExtension - testng
13:38:55.844 [ApplicationImpl pooled thread 131] INFO  com.browserstack.utils.Helpers - null
13:38:55.844 [ApplicationImpl pooled thread 131] INFO  c.b.l.BrowserStackRunExtension - Agent path: null
14:48:08.945 [ApplicationImpl pooled thread 149] INFO  c.b.l.BrowserStackRunExtension - testng
14:48:08.945 [ApplicationImpl pooled thread 149] INFO  com.browserstack.utils.Helpers - null
14:48:08.945 [ApplicationImpl pooled thread 149] INFO  c.b.l.BrowserStackRunExtension - Agent path: null
14:55:38.935 [ApplicationImpl pooled thread 153] INFO  c.b.l.BrowserStackRunExtension - testng
14:55:38.935 [ApplicationImpl pooled thread 153] INFO  com.browserstack.utils.Helpers - null
14:55:38.935 [ApplicationImpl pooled thread 153] INFO  c.b.l.BrowserStackRunExtension - Agent path: null
14:57:27.216 [ApplicationImpl pooled thread 156] INFO  c.b.l.BrowserStackRunExtension - testng
14:57:27.216 [ApplicationImpl pooled thread 156] INFO  com.browserstack.utils.Helpers - null
14:57:27.216 [ApplicationImpl pooled thread 156] INFO  c.b.l.BrowserStackRunExtension - Agent path: null
15:16:53.987 [ApplicationImpl pooled thread 169] INFO  c.b.l.BrowserStackRunExtension - testng
15:16:53.987 [ApplicationImpl pooled thread 169] INFO  com.browserstack.utils.Helpers - null
15:16:53.987 [ApplicationImpl pooled thread 169] INFO  c.b.l.BrowserStackRunExtension - Agent path: null
15:20:58.246 [ApplicationImpl pooled thread 171] INFO  c.b.l.BrowserStackRunExtension - testng
15:20:58.246 [ApplicationImpl pooled thread 171] INFO  com.browserstack.utils.Helpers - null
15:20:58.247 [ApplicationImpl pooled thread 171] INFO  c.b.l.BrowserStackRunExtension - Agent path: null
15:22:33.628 [ApplicationImpl pooled thread 171] INFO  c.b.l.BrowserStackRunExtension - testng
15:22:33.628 [ApplicationImpl pooled thread 171] INFO  com.browserstack.utils.Helpers - null
15:22:33.628 [ApplicationImpl pooled thread 171] INFO  c.b.l.BrowserStackRunExtension - Agent path: null
15:25:45.721 [ApplicationImpl pooled thread 182] INFO  c.b.l.BrowserStackRunExtension - testng
15:25:45.722 [ApplicationImpl pooled thread 182] INFO  com.browserstack.utils.Helpers - null
15:25:45.722 [ApplicationImpl pooled thread 182] INFO  c.b.l.BrowserStackRunExtension - Agent path: null
15:34:34.106 [ApplicationImpl pooled thread 199] INFO  c.b.l.BrowserStackRunExtension - testng
15:34:34.106 [ApplicationImpl pooled thread 199] INFO  com.browserstack.utils.Helpers - null
15:34:34.107 [ApplicationImpl pooled thread 199] INFO  c.b.l.BrowserStackRunExtension - Agent path: null
15:38:31.728 [ApplicationImpl pooled thread 200] INFO  c.b.l.BrowserStackRunExtension - testng
15:38:31.728 [ApplicationImpl pooled thread 200] INFO  com.browserstack.utils.Helpers - null
15:38:31.728 [ApplicationImpl pooled thread 200] INFO  c.b.l.BrowserStackRunExtension - Agent path: null
15:39:34.141 [ApplicationImpl pooled thread 195] INFO  c.b.l.BrowserStackRunExtension - testng
15:39:34.141 [ApplicationImpl pooled thread 195] INFO  com.browserstack.utils.Helpers - null
15:39:34.141 [ApplicationImpl pooled thread 195] INFO  c.b.l.BrowserStackRunExtension - Agent path: null
15:40:22.522 [ApplicationImpl pooled thread 200] INFO  c.b.l.BrowserStackRunExtension - testng
15:40:22.522 [ApplicationImpl pooled thread 200] INFO  com.browserstack.utils.Helpers - null
15:40:22.523 [ApplicationImpl pooled thread 200] INFO  c.b.l.BrowserStackRunExtension - Agent path: null
15:42:50.917 [ApplicationImpl pooled thread 207] INFO  c.b.l.BrowserStackRunExtension - testng
15:42:50.917 [ApplicationImpl pooled thread 207] INFO  com.browserstack.utils.Helpers - null
15:42:50.918 [ApplicationImpl pooled thread 207] INFO  c.b.l.BrowserStackRunExtension - Agent path: null
15:44:29.261 [ApplicationImpl pooled thread 209] INFO  c.b.l.BrowserStackRunExtension - testng
15:44:29.261 [ApplicationImpl pooled thread 209] INFO  com.browserstack.utils.Helpers - null
15:44:29.261 [ApplicationImpl pooled thread 209] INFO  c.b.l.BrowserStackRunExtension - Agent path: null
11:41:41.659 [ApplicationImpl pooled thread 37] INFO  c.b.l.BrowserStackRunExtension - testng
11:41:41.661 [ApplicationImpl pooled thread 37] INFO  com.browserstack.utils.Helpers - null
11:41:41.661 [ApplicationImpl pooled thread 37] INFO  c.b.l.BrowserStackRunExtension - Agent path: null
11:43:54.107 [ApplicationImpl pooled thread 39] INFO  c.b.l.BrowserStackRunExtension - testng
11:43:54.107 [ApplicationImpl pooled thread 39] INFO  com.browserstack.utils.Helpers - null
11:43:54.108 [ApplicationImpl pooled thread 39] INFO  c.b.l.BrowserStackRunExtension - Agent path: null
11:46:06.272 [ApplicationImpl pooled thread 39] INFO  c.b.l.BrowserStackRunExtension - testng
11:46:06.272 [ApplicationImpl pooled thread 39] INFO  com.browserstack.utils.Helpers - null
11:46:06.274 [ApplicationImpl pooled thread 39] INFO  c.b.l.BrowserStackRunExtension - Agent path: null
12:33:37.350 [ApplicationImpl pooled thread 58] INFO  c.b.l.BrowserStackRunExtension - testng
12:33:37.350 [ApplicationImpl pooled thread 58] INFO  com.browserstack.utils.Helpers - null
12:33:37.351 [ApplicationImpl pooled thread 58] INFO  c.b.l.BrowserStackRunExtension - Agent path: null
12:38:21.496 [ApplicationImpl pooled thread 63] INFO  c.b.l.BrowserStackRunExtension - testng
12:38:21.496 [ApplicationImpl pooled thread 63] INFO  com.browserstack.utils.Helpers - null
12:38:21.497 [ApplicationImpl pooled thread 63] INFO  c.b.l.BrowserStackRunExtension - Agent path: null
12:43:26.949 [ApplicationImpl pooled thread 58] INFO  c.b.l.BrowserStackRunExtension - testng
12:43:26.950 [ApplicationImpl pooled thread 58] INFO  com.browserstack.utils.Helpers - null
12:43:26.950 [ApplicationImpl pooled thread 58] INFO  c.b.l.BrowserStackRunExtension - Agent path: null
12:47:23.102 [ApplicationImpl pooled thread 71] INFO  c.b.l.BrowserStackRunExtension - testng
12:47:23.103 [ApplicationImpl pooled thread 71] INFO  com.browserstack.utils.Helpers - null
12:47:23.103 [ApplicationImpl pooled thread 71] INFO  c.b.l.BrowserStackRunExtension - Agent path: null
12:49:45.317 [ApplicationImpl pooled thread 70] INFO  c.b.l.BrowserStackRunExtension - testng
12:49:45.317 [ApplicationImpl pooled thread 70] INFO  com.browserstack.utils.Helpers - null
12:49:45.318 [ApplicationImpl pooled thread 70] INFO  c.b.l.BrowserStackRunExtension - Agent path: null
14:22:08.842 [ApplicationImpl pooled thread 108] INFO  c.b.l.BrowserStackRunExtension - testng
14:22:08.842 [ApplicationImpl pooled thread 108] INFO  com.browserstack.utils.Helpers - null
14:22:08.842 [ApplicationImpl pooled thread 108] INFO  c.b.l.BrowserStackRunExtension - Agent path: null
17:10:41.061 [ApplicationImpl pooled thread 175] INFO  c.b.l.BrowserStackRunExtension - testng
17:10:41.061 [ApplicationImpl pooled thread 175] INFO  com.browserstack.utils.Helpers - null
17:10:41.061 [ApplicationImpl pooled thread 175] INFO  c.b.l.BrowserStackRunExtension - Agent path: null
17:12:13.172 [ApplicationImpl pooled thread 170] INFO  c.b.l.BrowserStackRunExtension - testng
17:12:13.172 [ApplicationImpl pooled thread 170] INFO  com.browserstack.utils.Helpers - null
17:12:13.172 [ApplicationImpl pooled thread 170] INFO  c.b.l.BrowserStackRunExtension - Agent path: null
17:16:38.265 [ApplicationImpl pooled thread 180] INFO  c.b.l.BrowserStackRunExtension - testng
17:16:38.265 [ApplicationImpl pooled thread 180] INFO  com.browserstack.utils.Helpers - null
17:16:38.265 [ApplicationImpl pooled thread 180] INFO  c.b.l.BrowserStackRunExtension - Agent path: null
17:19:28.926 [ApplicationImpl pooled thread 181] INFO  c.b.l.BrowserStackRunExtension - testng
17:19:28.926 [ApplicationImpl pooled thread 181] INFO  com.browserstack.utils.Helpers - null
17:19:28.926 [ApplicationImpl pooled thread 181] INFO  c.b.l.BrowserStackRunExtension - Agent path: null
17:21:27.061 [ApplicationImpl pooled thread 183] INFO  c.b.l.BrowserStackRunExtension - testng
17:21:27.061 [ApplicationImpl pooled thread 183] INFO  com.browserstack.utils.Helpers - null
17:21:27.061 [ApplicationImpl pooled thread 183] INFO  c.b.l.BrowserStackRunExtension - Agent path: null
17:24:26.548 [ApplicationImpl pooled thread 187] INFO  c.b.l.BrowserStackRunExtension - testng
17:24:26.549 [ApplicationImpl pooled thread 187] INFO  com.browserstack.utils.Helpers - null
17:24:26.549 [ApplicationImpl pooled thread 187] INFO  c.b.l.BrowserStackRunExtension - Agent path: null
17:26:01.714 [ApplicationImpl pooled thread 188] INFO  c.b.l.BrowserStackRunExtension - testng
17:26:01.715 [ApplicationImpl pooled thread 188] INFO  com.browserstack.utils.Helpers - null
17:26:01.715 [ApplicationImpl pooled thread 188] INFO  c.b.l.BrowserStackRunExtension - Agent path: null
17:28:21.141 [ApplicationImpl pooled thread 189] INFO  c.b.l.BrowserStackRunExtension - testng
17:28:21.141 [ApplicationImpl pooled thread 189] INFO  com.browserstack.utils.Helpers - null
17:28:21.142 [ApplicationImpl pooled thread 189] INFO  c.b.l.BrowserStackRunExtension - Agent path: null
17:30:26.117 [ApplicationImpl pooled thread 189] INFO  c.b.l.BrowserStackRunExtension - testng
17:30:26.117 [ApplicationImpl pooled thread 189] INFO  com.browserstack.utils.Helpers - null
17:30:26.117 [ApplicationImpl pooled thread 189] INFO  c.b.l.BrowserStackRunExtension - Agent path: null
17:34:20.746 [ApplicationImpl pooled thread 203] INFO  c.b.l.BrowserStackRunExtension - testng
17:34:20.746 [ApplicationImpl pooled thread 203] INFO  com.browserstack.utils.Helpers - null
17:34:20.746 [ApplicationImpl pooled thread 203] INFO  c.b.l.BrowserStackRunExtension - Agent path: null
17:35:07.158 [ApplicationImpl pooled thread 204] INFO  c.b.l.BrowserStackRunExtension - testng
17:35:07.158 [ApplicationImpl pooled thread 204] INFO  com.browserstack.utils.Helpers - null
17:35:07.158 [ApplicationImpl pooled thread 204] INFO  c.b.l.BrowserStackRunExtension - Agent path: null
14:36:12.839 [ApplicationImpl pooled thread 106] INFO  c.b.l.BrowserStackRunExtension - testng
14:36:12.841 [ApplicationImpl pooled thread 106] INFO  com.browserstack.utils.Helpers - null
14:36:12.842 [ApplicationImpl pooled thread 106] INFO  c.b.l.BrowserStackRunExtension - Agent path: null
14:39:46.502 [ApplicationImpl pooled thread 109] INFO  c.b.l.BrowserStackRunExtension - testng
14:39:46.503 [ApplicationImpl pooled thread 109] INFO  com.browserstack.utils.Helpers - null
14:39:46.503 [ApplicationImpl pooled thread 109] INFO  c.b.l.BrowserStackRunExtension - Agent path: null
14:43:34.826 [ApplicationImpl pooled thread 116] INFO  c.b.l.BrowserStackRunExtension - testng
14:43:34.827 [ApplicationImpl pooled thread 116] INFO  com.browserstack.utils.Helpers - null
14:43:34.827 [ApplicationImpl pooled thread 116] INFO  c.b.l.BrowserStackRunExtension - Agent path: null
14:49:16.765 [ApplicationImpl pooled thread 121] INFO  c.b.l.BrowserStackRunExtension - testng
14:49:16.765 [ApplicationImpl pooled thread 121] INFO  com.browserstack.utils.Helpers - null
14:49:16.766 [ApplicationImpl pooled thread 121] INFO  c.b.l.BrowserStackRunExtension - Agent path: null
